<?xml version="1.0" encoding="UTF-8"?>
<!-- Generated by org.testng.reporters.JUnitReportReporter -->
<testsuite hostname="DESKTOP-FV0KD14" failures="0" tests="2" name="testCases.TestLogger" time="0.007" errors="0" timestamp="2023-08-16T07:31:30 IST" skipped="0">
  <testcase classname="testCases.TestLogger" name="test1" time="0.006"/>
  <system-out/>
  <testcase classname="testCases.TestLogger" name="test3" time="0.001"/>
  <system-out/>
</testsuite> <!-- testCases.TestLogger -->
