<?xml version="1.0" encoding="UTF-8"?>
<!-- Generated by org.testng.reporters.JUnitReportReporter -->
<testsuite hostname="DESKTOP-FV0KD14" failures="0" tests="1" name="MavenTemplatePr2h.TemplatePr2h.TestCases" time="12.391" errors="0" timestamp="2023-08-08T23:23:20 IST" skipped="0">
  <testcase classname="MavenTemplatePr2h.TemplatePr2h.TestCases" name="testOkButton" time="12.391"/>
  <system-out/>
</testsuite> <!-- MavenTemplatePr2h.TemplatePr2h.TestCases -->
