<?xml version="1.0" encoding="UTF-8"?>
<!-- Generated by org.testng.reporters.JUnitReportReporter -->
<testsuite hostname="DESKTOP-FV0KD14" failures="0" tests="2" name="testCases.TestCases" time="17.625" errors="0" timestamp="2023-08-16T14:24:19 IST" skipped="0">
  <testcase classname="testCases.TestCases" name="testFilpkart" time="7.864"/>
  <system-out/>
  <testcase classname="testCases.TestCases" name="fileUpload" time="9.761"/>
  <system-out/>
</testsuite> <!-- testCases.TestCases -->
