<?xml version="1.0" encoding="UTF-8"?>
<!-- Generated by org.testng.reporters.JUnitReportReporter -->
<testsuite hostname="DESKTOP-FV0KD14" failures="0" tests="2" name="testCases.TestCases" time="22.695" errors="0" timestamp="2023-08-18T01:23:05 IST" skipped="0">
  <testcase classname="testCases.TestCases" name="fileUpload" time="12.798"/>
  <system-out/>
  <testcase classname="testCases.TestCases" name="testFilpkart" time="9.897"/>
  <system-out/>
</testsuite> <!-- testCases.TestCases -->
