<?xml version="1.0" encoding="UTF-8"?>
<!-- Generated by org.testng.reporters.JUnitReportReporter -->
<testsuite hostname="DESKTOP-FV0KD14" failures="0" tests="2" name="testCases.TestCases" time="17.915" errors="0" timestamp="2023-08-16T14:18:48 IST" skipped="0">
  <testcase classname="testCases.TestCases" name="testFilpkart" time="7.540"/>
  <system-out/>
  <testcase classname="testCases.TestCases" name="fileUpload" time="10.375"/>
  <system-out/>
</testsuite> <!-- testCases.TestCases -->
