<?xml version="1.0" encoding="UTF-8"?>
<!-- Generated by org.testng.reporters.JUnitReportReporter -->
<testsuite hostname="DESKTOP-FV0KD14" failures="0" tests="3" name="testCases.TestCases" time="33.009" errors="0" timestamp="2023-08-14T10:54:17 IST" skipped="0">
  <testcase classname="testCases.TestCases" name="testFilpkart" time="11.141"/>
  <system-out/>
  <testcase classname="testCases.TestCases" name="loginTest" time="9.115"/>
  <system-out/>
  <testcase classname="testCases.TestCases" name="fileUpload" time="12.753"/>
  <system-out/>
</testsuite> <!-- testCases.TestCases -->
