<?xml version="1.0" encoding="UTF-8"?>
<!-- Generated by org.testng.reporters.JUnitReportReporter -->
<<<<<<< Updated upstream
<testsuite hostname="DESKTOP-FV0KD14" failures="0" tests="2" name="testCases.TestCases" time="16.612" errors="0" timestamp="2023-08-16T20:24:19 IST" skipped="0">
  <testcase classname="testCases.TestCases" name="testFilpkart" time="5.920"/>
  <system-out/>
  <testcase classname="testCases.TestCases" name="fileUpload" time="10.692"/>
=======
<testsuite hostname="DESKTOP-FV0KD14" failures="0" tests="2" name="testCases.TestCases" time="19.549" errors="0" timestamp="2023-08-17T23:03:04 IST" skipped="0">
  <testcase classname="testCases.TestCases" name="testFilpkart" time="8.757"/>
  <system-out/>
  <testcase classname="testCases.TestCases" name="fileUpload" time="10.792"/>
>>>>>>> Stashed changes
  <system-out/>
</testsuite> <!-- testCases.TestCases -->
