<?xml version="1.0" encoding="UTF-8"?>
<!-- Generated by org.testng.reporters.JUnitReportReporter -->
<testsuite hostname="DESKTOP-FV0KD14" failures="0" tests="2" name="testCases.TestCases" time="40.910" errors="0" timestamp="2023-08-12T15:52:33 IST" skipped="0">
  <testcase classname="testCases.TestCases" name="fileUpload" time="29.985"/>
  <system-out/>
  <testcase classname="testCases.TestCases" name="loginTest" time="10.925"/>
  <system-out/>
</testsuite> <!-- testCases.TestCases -->
