<?xml version="1.0" encoding="UTF-8"?>
<!-- Generated by org.testng.reporters.JUnitReportReporter -->
<testsuite hostname="DESKTOP-FV0KD14" failures="0" tests="3" name="testCases.TestCases" time="28.669" errors="0" timestamp="2023-08-14T11:01:02 IST" skipped="0">
  <testcase classname="testCases.TestCases" name="fileUpload" time="10.708"/>
  <system-out/>
  <testcase classname="testCases.TestCases" name="testFilpkart" time="8.051"/>
  <system-out/>
  <testcase classname="testCases.TestCases" name="loginTest" time="9.910"/>
  <system-out/>
</testsuite> <!-- testCases.TestCases -->
