<?xml version="1.0" encoding="UTF-8"?>
<!-- Generated by org.testng.reporters.JUnitReportReporter -->
<testsuite hostname="DESKTOP-FV0KD14" failures="0" tests="3" name="testCases.TestCases" time="30.309" errors="0" timestamp="2023-08-22T11:06:01 IST" skipped="0">
  <testcase classname="testCases.TestCases" name="loginTest" time="12.665"/>
  <system-out/>
  <testcase classname="testCases.TestCases" name="testFilpkart" time="6.719"/>
  <system-out/>
  <testcase classname="testCases.TestCases" name="fileUpload" time="10.925"/>
  <system-out/>
</testsuite> <!-- testCases.TestCases -->
