<?xml version="1.0" encoding="UTF-8"?>
<!-- Generated by org.testng.reporters.JUnitReportReporter -->
<testsuite hostname="DESKTOP-FV0KD14" failures="0" tests="1" name="testCases.TestCases" time="15.594" errors="0" timestamp="2023-08-19T10:29:19 IST" skipped="0">
  <testcase classname="testCases.TestCases" name="fileUpload" time="15.594"/>
  <system-out/>
</testsuite> <!-- testCases.TestCases -->
