<?xml version="1.0" encoding="UTF-8"?>
<!-- Generated by org.testng.reporters.JUnitReportReporter -->
<testsuite hostname="DESKTOP-FV0KD14" failures="0" tests="3" name="testCases.TestCases" time="35.981" errors="0" timestamp="2023-08-20T22:24:47 IST" skipped="0">
  <testcase classname="testCases.TestCases" name="loginTest" time="10.551"/>
  <system-out/>
  <testcase classname="testCases.TestCases" name="testFilpkart" time="12.871"/>
  <system-out/>
  <testcase classname="testCases.TestCases" name="fileUpload" time="12.559"/>
  <system-out/>
</testsuite> <!-- testCases.TestCases -->
