<?xml version="1.0" encoding="UTF-8"?>
<!-- Generated by org.testng.reporters.JUnitReportReporter -->
<testsuite hostname="DESKTOP-FV0KD14" failures="0" tests="3" name="testCases.TestCases" time="37.990" errors="0" timestamp="2023-08-20T22:41:35 IST" skipped="0">
  <testcase classname="testCases.TestCases" name="fileUpload" time="13.157"/>
  <system-out/>
  <testcase classname="testCases.TestCases" name="testFilpkart" time="13.180"/>
  <system-out/>
  <testcase classname="testCases.TestCases" name="loginTest" time="11.653"/>
  <system-out/>
</testsuite> <!-- testCases.TestCases -->
