<?xml version="1.0" encoding="UTF-8"?>
<!-- Generated by org.testng.reporters.JUnitReportReporter -->
<testsuite hostname="DESKTOP-FV0KD14" failures="0" tests="1" name="testCases.TestCases" time="12.476" errors="0" timestamp="2023-08-19T16:26:25 IST" skipped="0">
  <testcase classname="testCases.TestCases" name="fileUpload" time="12.476"/>
  <system-out/>
</testsuite> <!-- testCases.TestCases -->
