<?xml version="1.0" encoding="UTF-8"?>
<!-- Generated by org.testng.reporters.JUnitReportReporter -->
<testsuite hostname="DESKTOP-FV0KD14" failures="0" tests="3" name="testCases.TestCases" time="26.422" errors="0" timestamp="2023-08-22T10:52:50 IST" skipped="0">
  <testcase classname="testCases.TestCases" name="fileUpload" time="12.671"/>
  <system-out/>
  <testcase classname="testCases.TestCases" name="loginTest" time="7.850"/>
  <system-out/>
  <testcase classname="testCases.TestCases" name="testFilpkart" time="5.901"/>
  <system-out/>
</testsuite> <!-- testCases.TestCases -->
