<?xml version="1.0" encoding="UTF-8"?>
<!-- Generated by org.testng.reporters.JUnitReportReporter -->
<testsuite hostname="DESKTOP-FV0KD14" failures="0" tests="3" name="testCases.TestCases" time="27.658" errors="0" timestamp="2023-08-22T11:13:30 IST" skipped="0">
  <testcase classname="testCases.TestCases" name="fileUpload" time="11.971"/>
  <system-out/>
  <testcase classname="testCases.TestCases" name="loginTest" time="7.727"/>
  <system-out/>
  <testcase classname="testCases.TestCases" name="testFilpkart" time="7.960"/>
  <system-out/>
</testsuite> <!-- testCases.TestCases -->
