<?xml version="1.0" encoding="UTF-8"?>
<!-- Generated by org.testng.reporters.JUnitReportReporter -->
<testsuite hostname="DESKTOP-FV0KD14" failures="0" tests="3" name="testCases.TestCases" time="35.405" errors="0" timestamp="2023-08-20T22:15:19 IST" skipped="0">
  <testcase classname="testCases.TestCases" name="testFilpkart" time="8.983"/>
  <system-out/>
  <testcase classname="testCases.TestCases" name="fileUpload" time="13.520"/>
  <system-out/>
  <testcase classname="testCases.TestCases" name="loginTest" time="12.902"/>
  <system-out/>
</testsuite> <!-- testCases.TestCases -->
