<?xml version="1.0" encoding="UTF-8"?>
<!-- Generated by org.testng.reporters.JUnitReportReporter -->
<testsuite hostname="DESKTOP-FV0KD14" failures="0" tests="3" name="testCases.TestCases" time="26.163" errors="0" timestamp="2023-08-22T10:39:54 IST" skipped="0">
  <testcase classname="testCases.TestCases" name="fileUpload" time="12.283"/>
  <system-out/>
  <testcase classname="testCases.TestCases" name="loginTest" time="7.746"/>
  <system-out/>
  <testcase classname="testCases.TestCases" name="testFilpkart" time="6.134"/>
  <system-out/>
</testsuite> <!-- testCases.TestCases -->
