<?xml version="1.0" encoding="UTF-8"?>
<!-- Generated by org.testng.reporters.JUnitReportReporter -->
<testsuite hostname="DESKTOP-FV0KD14" failures="0" tests="3" name="testCases.TestCases" time="32.266" errors="0" timestamp="2023-08-18T02:09:52 IST" skipped="0">
  <testcase classname="testCases.TestCases" name="testFilpkart" time="9.886"/>
  <system-out/>
  <testcase classname="testCases.TestCases" name="fileUpload" time="13.242"/>
  <system-out/>
  <testcase classname="testCases.TestCases" name="loginTest" time="9.138"/>
  <system-out/>
</testsuite> <!-- testCases.TestCases -->
