<?xml version="1.0" encoding="UTF-8"?>
<!-- Generated by org.testng.reporters.JUnitReportReporter -->
<testsuite hostname="DESKTOP-FV0KD14" failures="0" tests="3" name="testCases.TestCases" time="34.424" errors="0" timestamp="2023-08-21T23:06:17 IST" skipped="0">
  <testcase classname="testCases.TestCases" name="loginTest" time="11.294"/>
  <system-out/>
  <testcase classname="testCases.TestCases" name="testFilpkart" time="10.426"/>
  <system-out/>
  <testcase classname="testCases.TestCases" name="fileUpload" time="12.704"/>
  <system-out/>
</testsuite> <!-- testCases.TestCases -->
