<?xml version="1.0" encoding="UTF-8"?>
<!-- Generated by org.testng.reporters.JUnitReportReporter -->
<testsuite hostname="DESKTOP-FV0KD14" failures="0" tests="2" name="testCases.TestCases" time="20.357" errors="0" timestamp="2023-08-24T12:22:36 IST" skipped="0">
  <testcase classname="testCases.TestCases" name="loginTest" time="12.740"/>
  <system-out/>
  <testcase classname="testCases.TestCases" name="testFilpkart" time="7.617"/>
  <system-out/>
</testsuite> <!-- testCases.TestCases -->
