<?xml version="1.0" encoding="UTF-8"?>
<!-- Generated by org.testng.reporters.JUnitReportReporter -->
<testsuite hostname="DESKTOP-FV0KD14" failures="0" tests="2" name="testCases.TestCases" time="26.050" errors="0" timestamp="2023-08-17T23:32:40 IST" skipped="0">
  <testcase classname="testCases.TestCases" name="loginTest" time="12.819"/>
  <system-out/>
  <testcase classname="testCases.TestCases" name="fileUpload" time="13.231"/>
  <system-out/>
</testsuite> <!-- testCases.TestCases -->
